Trax
  1 @0/
  2 B1+
  3 B2/
  4 A2+
  5 C2\
  6 @2\
  7 D3\
  8 C0/
  9 C4/
  10 C5/
  11 D2/
  12 E2/
  13 B1+
  14 @3/
  15 B4+
  16 F4+
  17 G2/
  18 A1\
#